<?xml version="1.0" encoding="UTF-8"?>
<!-- Generated by org.testng.reporters.JUnitReportReporter -->
<testsuite hostname="DEVIKAMADHU" failures="0" tests="1" name="fileupload.Editfileduplad" time="16.955" errors="0" timestamp="2023-09-21T11:42:34 IST" skipped="0">
  <testcase classname="fileupload.Editfileduplad" name="open" time="16.955"/>
  <system-out/>
</testsuite> <!-- fileupload.Editfileduplad -->
