<?xml version="1.0" encoding="UTF-8"?>
<!-- Generated by org.testng.reporters.JUnitReportReporter -->
<testsuite hostname="DEVIKAMADHU" failures="0" tests="1" name="myworks.Sample" time="8.503" errors="0" timestamp="2023-10-08T20:23:56 IST" skipped="0">
  <testcase classname="myworks.Sample" name="test1" time="8.503"/>
  <system-out/>
</testsuite> <!-- myworks.Sample -->
