<?xml version="1.0" encoding="UTF-8"?>
<!-- Generated by org.testng.reporters.JUnitReportReporter -->
<testsuite hostname="DEVIKAMADHU" failures="0" tests="1" name="aaction.Copyandpaste__keyboard" time="2.384" errors="0" timestamp="2023-09-14T14:10:32 IST" skipped="0">
  <testcase classname="aaction.Copyandpaste__keyboard" name="testt" time="2.384"/>
  <system-out/>
</testsuite> <!-- aaction.Copyandpaste__keyboard -->
