<?xml version="1.0" encoding="UTF-8"?>
<!-- Generated by org.testng.reporters.JUnitReportReporter -->
<testsuite hostname="DEVIKAMADHU" failures="0" tests="1" name="handlingwindow.Ksrrtc" time="0.097" errors="0" timestamp="2023-09-12T19:39:06 IST" skipped="0">
  <testcase classname="handlingwindow.Ksrrtc" name="testv" time="0.097"/>
  <system-out/>
</testsuite> <!-- handlingwindow.Ksrrtc -->
