<?xml version="1.0" encoding="UTF-8"?>
<!-- Generated by org.testng.reporters.JUnitReportReporter -->
<testsuite hostname="DEVIKAMADHU" failures="0" tests="1" name="myworks.Fup" time="7.868" errors="0" timestamp="2023-09-21T12:09:34 IST" skipped="0">
  <testcase classname="myworks.Fup" name="testing" time="7.868"/>
  <system-out/>
</testsuite> <!-- myworks.Fup -->
