<?xml version="1.0" encoding="UTF-8"?>
<!-- Generated by org.testng.reporters.JUnitReportReporter -->
<testsuite hostname="DEVIKAMADHU" failures="0" tests="1" name="fileupload.Roboclasss" time="62.761" errors="0" timestamp="2023-09-21T12:04:27 IST" skipped="0">
  <testcase classname="fileupload.Roboclasss" name="open" time="62.761"/>
  <system-out/>
</testsuite> <!-- fileupload.Roboclasss -->
