<?xml version="1.0" encoding="UTF-8"?>
<!-- Generated by org.testng.reporters.JUnitReportReporter -->
<testsuite hostname="DEVIKAMADHU" failures="0" tests="1" name="fileupload.Callingclass" time="5.785" errors="0" timestamp="2023-09-21T12:23:25 IST" skipped="0">
  <testcase classname="fileupload.Callingclass" name="tt" time="5.785"/>
  <system-out/>
</testsuite> <!-- fileupload.Callingclass -->
