<?xml version="1.0" encoding="UTF-8"?>
<!-- Generated by org.testng.reporters.JUnitReportReporter -->
<testsuite hostname="DEVIKAMADHU" failures="0" tests="1" name="datadrivennn.Datadrivenspreadsheet" time="25.065" errors="0" timestamp="2023-09-14T14:30:46 IST" skipped="0">
  <testcase classname="datadrivennn.Datadrivenspreadsheet" name="main" time="25.065"/>
  <system-out/>
</testsuite> <!-- datadrivennn.Datadrivenspreadsheet -->
