<?xml version="1.0" encoding="UTF-8"?>
<!-- Generated by org.testng.reporters.JUnitReportReporter -->
<testsuite hostname="DEVIKAMADHU" failures="0" tests="2" name="crossbrowsertesting.Crosstesting_xml" time="4.300" errors="0" timestamp="2023-09-14T12:23:29 IST" skipped="0">
  <testcase classname="crossbrowsertesting.Crosstesting_xml" name="url" time="2.945"/>
  <system-out/>
  <testcase classname="crossbrowsertesting.Crosstesting_xml" name="url" time="1.355"/>
  <system-out/>
</testsuite> <!-- crossbrowsertesting.Crosstesting_xml -->
