<?xml version="1.0" encoding="UTF-8"?>
<!-- Generated by org.testng.reporters.JUnitReportReporter -->
<testsuite hostname="DEVIKAMADHU" failures="0" tests="1" name="testpkg.Fblogintest" time="20.320" errors="0" timestamp="2023-09-07T22:02:08 IST" skipped="0">
  <testcase classname="testpkg.Fblogintest" name="login" time="20.320"/>
  <system-out/>
</testsuite> <!-- testpkg.Fblogintest -->
