<?xml version="1.0" encoding="UTF-8"?>
<!-- Generated by org.testng.reporters.JUnitReportReporter -->
<testsuite hostname="DEVIKAMADHU" failures="0" tests="1" name="fileupload.Practise" time="3.185" errors="0" timestamp="2023-09-21T12:15:55 IST" skipped="0">
  <testcase classname="fileupload.Practise" name="sss" time="3.185"/>
  <system-out/>
</testsuite> <!-- fileupload.Practise -->
