<?xml version="1.0" encoding="UTF-8"?>
<!-- Generated by org.testng.reporters.JUnitReportReporter -->
<testsuite hostname="DEVIKAMADHU" failures="0" tests="1" name="handlingwindow.REdiffdropdown" time="5.772" errors="0" timestamp="2023-09-12T18:57:56 IST" skipped="0">
  <testcase classname="handlingwindow.REdiffdropdown" name="testt" time="5.772"/>
  <system-out/>
</testsuite> <!-- handlingwindow.REdiffdropdown -->
